<?xml version="1.0" encoding="UTF-8"?>
<testng-results skipped="0" failed="0" ignored="0" total="2" passed="2">
  <reporter-output>
  </reporter-output>
  <suite name="ru.mystudy.runner.RunTest" duration-ms="938" started-at="2019-03-06T21:01:19Z" finished-at="2019-03-06T21:01:20Z">
    <groups>
      <group name="cucumber">
        <method signature="AbstractTestNGCucumberTests.runScenario(cucumber.api.testng.PickleEventWrapper, cucumber.api.testng.CucumberFeatureWrapper)[pri:0, instance:ru.mystudy.runner.RunTest@d3bd8b]" name="runScenario" class="cucumber.api.testng.AbstractTestNGCucumberTests"/>
      </group> <!-- cucumber -->
    </groups>
    <test name="Command line test" duration-ms="938" started-at="2019-03-06T21:01:19Z" finished-at="2019-03-06T21:01:20Z">
      <class name="ru.mystudy.runner.RunTest">
        <test-method status="PASS" signature="setUpClass()[pri:0, instance:ru.mystudy.runner.RunTest@d3bd8b]" name="setUpClass" is-config="true" duration-ms="475" started-at="2019-03-06T21:01:19Z" finished-at="2019-03-06T21:01:20Z">
          <reporter-output>
          </reporter-output>
        </test-method> <!-- setUpClass -->
        <test-method status="PASS" signature="runScenario(cucumber.api.testng.PickleEventWrapper, cucumber.api.testng.CucumberFeatureWrapper)[pri:0, instance:ru.mystudy.runner.RunTest@d3bd8b]" name="runScenario" duration-ms="325" started-at="2019-03-06T21:01:20Z" description="Runs Cucumber Scenarios" data-provider="scenarios" finished-at="2019-03-06T21:01:20Z">
          <params>
            <param index="0">
              <value>
                <![CDATA[""]]>
              </value>
            </param>
            <param index="1">
              <value>
                <![CDATA["cucumber expressions"]]>
              </value>
            </param>
          </params>
          <reporter-output>
          </reporter-output>
        </test-method> <!-- runScenario -->
        <test-method status="PASS" signature="runScenario(cucumber.api.testng.PickleEventWrapper, cucumber.api.testng.CucumberFeatureWrapper)[pri:0, instance:ru.mystudy.runner.RunTest@d3bd8b]" name="runScenario" duration-ms="8" started-at="2019-03-06T21:01:20Z" description="Runs Cucumber Scenarios" data-provider="scenarios" finished-at="2019-03-06T21:01:20Z">
          <params>
            <param index="0">
              <value>
                <![CDATA["Успешное снятие денег со счета"]]>
              </value>
            </param>
            <param index="1">
              <value>
                <![CDATA["Снятие денег со счета"]]>
              </value>
            </param>
          </params>
          <reporter-output>
          </reporter-output>
        </test-method> <!-- runScenario -->
        <test-method status="PASS" signature="tearDownClass()[pri:0, instance:ru.mystudy.runner.RunTest@d3bd8b]" name="tearDownClass" is-config="true" duration-ms="6" started-at="2019-03-06T21:01:20Z" finished-at="2019-03-06T21:01:20Z">
          <reporter-output>
          </reporter-output>
        </test-method> <!-- tearDownClass -->
      </class> <!-- ru.mystudy.runner.RunTest -->
    </test> <!-- Command line test -->
  </suite> <!-- ru.mystudy.runner.RunTest -->
</testng-results>
